\BOOKMARK [0][-]{chapter.1}{\376\377\000G\000I\036\332\000I\000\040\000T\000H\000I\036\306\000U\000\040\001\020\036\300\000\040\000T\000\300\000I}{}% 1
\BOOKMARK [1][-]{section.1.1}{\376\377\001\020\036\267\000t\000\040\000v\036\245\000n\000\040\001\021\036\301}{chapter.1}% 2
\BOOKMARK [1][-]{section.1.2}{\376\377\000M\036\345\000c\000\040\000t\000i\000\352\000u\000\040\000v\000\340\000\040\000p\000h\036\241\000m\000\040\000v\000i\000\040\001\021\036\301\000\040\000t\000\340\000i}{chapter.1}% 3
\BOOKMARK [1][-]{section.1.3}{\376\377\001\020\036\313\000n\000h\000\040\000h\001\260\036\333\000n\000g\000\040\000g\000i\036\243\000i\000\040\000p\000h\000\341\000p}{chapter.1}% 4
\BOOKMARK [1][-]{section.1.4}{\376\377\000B\036\321\000\040\000c\036\345\000c\000\040\001\021\036\323\000\040\000\341\000n}{chapter.1}% 5
\BOOKMARK [0][-]{chapter.2}{\376\377\000K\000H\036\242\000O\000\040\000S\000\301\000T\000\040\000V\000\300\000\040\000P\000H\000\302\000N\000\040\000T\000\315\000C\000H\000\040\000Y\000\312\000U\000\040\000C\036\246\000U}{}% 6
\BOOKMARK [1][-]{section.2.1}{\376\377\000K\000h\036\243\000o\000\040\000s\000\341\000t\000\040\000h\000i\036\307\000n\000\040\000t\000r\036\241\000n\000g}{chapter.2}% 7
\BOOKMARK [1][-]{section.2.2}{\376\377\000T\036\325\000n\000g\000\040\000q\000u\000a\000n\000\040\000c\000h\036\351\000c\000\040\000n\001\003\000n\000g}{chapter.2}% 8
\BOOKMARK [2][-]{subsection.2.2.1}{\376\377\001\020\036\267\000c\000\040\000t\036\243\000\040\000u\000s\000e\000\040\000c\000a\000s\000e\000\040\000Q\000u\000\351\000t\000\040\000p\000h\000i\036\277\000u\000\040\000O\000M\000R}{section.2.2}% 9
\BOOKMARK [2][-]{subsection.2.2.2}{\376\377\001\020\036\267\000c\000\040\000t\036\243\000\040\000u\000s\000e\000\040\000c\000a\000s\000e\000\040\000T\036\241\000o\000\040\001\021\036\301\000\040\000t\000h\000i\000\040\000t\036\361\000\040\001\021\036\331\000n\000g}{section.2.2}% 10
\BOOKMARK [2][-]{subsection.2.2.3}{\376\377\001\020\036\267\000c\000\040\000t\036\243\000\040\000u\000s\000e\000\040\000c\000a\000s\000e\000\040\000X\000e\000m\000\040\000b\000\341\000o\000\040\000c\000\341\000o\000\040\000A\000I}{section.2.2}% 11
\BOOKMARK [2][-]{subsection.2.2.4}{\376\377\001\020\036\267\000c\000\040\000t\036\243\000\040\000u\000s\000e\000\040\000c\000a\000s\000e\000\040\000N\036\331\000p\000\040\001\021\001\241\000n\000\040\000p\000h\000\372\000c\000\040\000t\000r\000a}{section.2.2}% 12
\BOOKMARK [2][-]{subsection.2.2.5}{\376\377\001\020\036\267\000c\000\040\000t\036\243\000\040\000u\000s\000e\000\040\000c\000a\000s\000e\000\040\000Q\000u\036\243\000n\000\040\000l\000\375\000\040\000k\036\277\000t\000\040\000q\000u\036\243\000\040\000t\000h\000i}{section.2.2}% 13
\BOOKMARK [2][-]{subsection.2.2.6}{\376\377\001\020\036\267\000c\000\040\000t\036\243\000\040\000u\000s\000e\000\040\000c\000a\000s\000e\000\040\001\020\001\003\000n\000g\000\040\000n\000h\036\255\000p\000\040\000h\036\307\000\040\000t\000h\036\321\000n\000g}{section.2.2}% 14
\BOOKMARK [2][-]{subsection.2.2.7}{\376\377\001\020\036\267\000c\000\040\000t\036\243\000\040\000u\000s\000e\000\040\000c\000a\000s\000e\000\040\000T\036\241\000o\000\040\000n\000h\000\363\000m\000\040\000g\000i\000a\000\040\001\021\000\354\000n\000h}{section.2.2}% 15
\BOOKMARK [1][-]{section.2.3}{\376\377\000Y\000\352\000u\000\040\000c\036\247\000u\000\040\000p\000h\000i\000\040\000c\000h\036\351\000c\000\040\000n\001\003\000n\000g}{chapter.2}% 16
\BOOKMARK [0][-]{chapter.3}{\376\377\000N\036\300\000N\000\040\000T\036\242\000N\000G\000\040\000L\000\335\000\040\000T\000H\000U\000Y\036\276\000T\000\040\000V\000\300\000\040\000C\000\324\000N\000G\000\040\000N\000G\000H\036\306\000\040\000S\036\354\000\040\000D\036\344\000N\000G}{}% 17
\BOOKMARK [1][-]{section.3.1}{\376\377\000C\000\364\000n\000g\000\040\000n\000g\000h\036\307\000\040\000x\036\355\000\040\000l\000\375\000\040\036\243\000n\000h\000\040\000O\000M\000R}{chapter.3}% 18
\BOOKMARK [1][-]{section.3.2}{\376\377\000N\036\301\000n\000\040\000t\036\243\000n\000g\000\040\000p\000h\000\341\000t\000\040\000t\000r\000i\036\303\000n\000\040\036\351\000n\000g\000\040\000d\036\345\000n\000g\000\040\000d\000i\000\040\001\021\036\331\000n\000g\000\040\000F\000l\000u\000t\000t\000e\000r}{chapter.3}% 19
\BOOKMARK [1][-]{section.3.3}{\376\377\000N\036\301\000n\000\040\000t\036\243\000n\000g\000\040\000p\000h\000\341\000t\000\040\000t\000r\000i\036\303\000n\000\040\036\351\000n\000g\000\040\000d\036\345\000n\000g\000\040\000w\000e\000b\000\040\000R\000e\000a\000c\000t}{chapter.3}% 20
\BOOKMARK [1][-]{section.3.4}{\376\377\000K\000i\036\277\000n\000\040\000t\000r\000\372\000c\000\040\000b\000a\000c\000k\000e\000n\000d\000\040\000N\000o\000d\000e\000.\000j\000s\000\040\000v\000\340\000\040\000E\000x\000p\000r\000e\000s\000s}{chapter.3}% 21
\BOOKMARK [1][-]{section.3.5}{\376\377\000C\000\364\000n\000g\000\040\000c\036\345\000\040\000A\000M\000C\000\040\000v\000\340\000\040\000t\000\355\000c\000h\000\040\000h\036\343\000p\000\040\000h\036\307\000\040\000t\000h\036\321\000n\000g}{chapter.3}% 22
\BOOKMARK [1][-]{section.3.6}{\376\377\000C\000\341\000c\000\040\000c\000\364\000n\000g\000\040\000c\036\345\000\040\000v\000\340\000\040\000d\036\313\000c\000h\000\040\000v\036\345\000\040\000b\036\325\000\040\000t\000r\036\343}{chapter.3}% 23
\BOOKMARK [0][-]{chapter.4}{\376\377\000P\000H\000\302\000N\000\040\000T\000\315\000C\000H\000\040\000T\000H\000I\036\276\000T\000\040\000K\036\276\000,\000\040\000T\000R\000I\036\302\000N\000\040\000K\000H\000A\000I\000\040\000V\000\300\000\040\001\020\000\301\000N\000H\000\040\000G\000I\000\301\000\040\000H\036\306\000\040\000T\000H\036\320\000N\000G}{}% 24
\BOOKMARK [1][-]{section.4.1}{\376\377\000T\036\325\000n\000g\000\040\000q\000u\000a\000n\000\040\000k\000i\036\277\000n\000\040\000t\000r\000\372\000c\000\040\000h\036\307\000\040\000t\000h\036\321\000n\000g}{chapter.4}% 25
\BOOKMARK [1][-]{section.4.2}{\376\377\000T\000h\000i\036\277\000t\000\040\000k\036\277\000\040\000c\000h\000i\000\040\000t\000i\036\277\000t}{chapter.4}% 26
\BOOKMARK [2][-]{subsection.4.2.1}{\376\377\000T\000h\000i\036\277\000t\000\040\000k\036\277\000\040\000c\001\241\000\040\000s\036\337\000\040\000d\036\357\000\040\000l\000i\036\307\000u}{section.4.2}% 27
\BOOKMARK [2][-]{subsection.4.2.2}{\376\377\000T\000h\000i\036\277\000t\000\040\000k\036\277\000\040\000g\000i\000a\000o\000\040\000d\000i\036\307\000n}{section.4.2}% 28
\BOOKMARK [2][-]{subsection.4.2.3}{\376\377\000T\000h\000i\036\277\000t\000\040\000k\036\277\000\040\000l\036\333\000p\000\040\000v\000\340\000\040\000b\000i\036\303\000u\000\040\001\021\036\323\000\040\000t\000r\000\354\000n\000h\000\040\000t\036\361}{section.4.2}% 29
\BOOKMARK [1][-]{section.4.3}{\376\377\000X\000\342\000y\000\040\000d\036\361\000n\000g\000\040\036\351\000n\000g\000\040\000d\036\345\000n\000g}{chapter.4}% 30
\BOOKMARK [2][-]{subsection.4.3.1}{\376\377\000M\000o\000d\000u\000l\000e\000\040\000O\000M\000R\000\040\000E\000n\000g\000i\000n\000e\000\040\000v\0002}{section.4.3}% 31
\BOOKMARK [2][-]{subsection.4.3.2}{\376\377\000K\036\277\000t\000\040\000q\000u\036\243\000\040\001\021\036\241\000t\000\040\001\021\001\260\036\343\000c}{section.4.3}% 32
\BOOKMARK [1][-]{section.4.4}{\376\377\000K\000i\036\303\000m\000\040\000t\000h\036\355}{chapter.4}% 33
\BOOKMARK [1][-]{section.4.5}{\376\377\000T\000r\000i\036\303\000n\000\040\000k\000h\000a\000i}{chapter.4}% 34
\BOOKMARK [1][-]{section.4.6}{\376\377\001\020\000\341\000n\000h\000\040\000g\000i\000\341\000\040\000h\036\307\000\040\000t\000h\036\321\000n\000g}{chapter.4}% 35
\BOOKMARK [0][-]{chapter.5}{\376\377\000C\000\301\000C\000\040\000G\000I\036\242\000I\000\040\000P\000H\000\301\000P\000\040\000V\000\300\000\040\001\020\000\323\000N\000G\000\040\000G\000\323\000P\000\040\000N\036\324\000I\000\040\000B\036\254\000T}{}% 36
\BOOKMARK [1][-]{section.5.1}{\376\377\000T\036\325\000n\000g\000\040\000q\000u\000a\000n\000\040\000c\000\341\000c\000\040\000g\000i\036\243\000i\000\040\000p\000h\000\341\000p}{chapter.5}% 37
\BOOKMARK [1][-]{section.5.2}{\376\377\000G\000i\036\243\000i\000\040\000p\000h\000\341\000p\000\040\0001\000:\000\040\000P\000i\000p\000e\000l\000i\000n\000e\000\040\000t\036\241\000o\000\040\001\021\036\301\000\040\000t\000h\000i\000\040\000t\036\361\000\040\001\021\036\331\000n\000g\000\040\000v\036\333\000i\000\040\000A\000M\000C\000\040\000t\000\355\000c\000h\000\040\000h\036\343\000p\000\040\000s\000\342\000u}{chapter.5}% 38
\BOOKMARK [2][-]{subsection.5.2.1}{\376\377\001\020\036\267\000t\000\040\000v\036\245\000n\000\040\001\021\036\301}{section.5.2}% 39
\BOOKMARK [2][-]{subsection.5.2.2}{\376\377\000G\000i\036\243\000i\000\040\000p\000h\000\341\000p\000\040\001\021\036\301\000\040\000x\000u\036\245\000t}{section.5.2}% 40
\BOOKMARK [2][-]{subsection.5.2.3}{\376\377\000K\036\277\000t\000\040\000q\000u\036\243\000\040\001\021\036\241\000t\000\040\001\021\001\260\036\343\000c}{section.5.2}% 41
\BOOKMARK [1][-]{section.5.3}{\376\377\000G\000i\036\243\000i\000\040\000p\000h\000\341\000p\000\040\0002\000:\000\040\000E\000n\000g\000i\000n\000e\000\040\000n\000h\036\255\000n\000\040\000d\000i\036\307\000n\000\040\000O\000M\000R\000\040\000c\000h\036\241\000y\000\040\000t\000r\000\352\000n\000\040\000t\000h\000i\036\277\000t\000\040\000b\036\313\000\040\000d\000i\000\040\001\021\036\331\000n\000g}{chapter.5}% 42
\BOOKMARK [2][-]{subsection.5.3.1}{\376\377\001\020\036\267\000t\000\040\000v\036\245\000n\000\040\001\021\036\301}{section.5.3}% 43
\BOOKMARK [2][-]{subsection.5.3.2}{\376\377\000G\000i\036\243\000i\000\040\000p\000h\000\341\000p\000\040\001\021\036\301\000\040\000x\000u\036\245\000t}{section.5.3}% 44
\BOOKMARK [2][-]{subsection.5.3.3}{\376\377\000K\036\277\000t\000\040\000q\000u\036\243\000\040\001\021\036\241\000t\000\040\001\021\001\260\036\343\000c}{section.5.3}% 45
\BOOKMARK [1][-]{section.5.4}{\376\377\000G\000i\036\243\000i\000\040\000p\000h\000\341\000p\000\040\0003\000:\000\040\000K\000i\036\277\000n\000\040\000t\000r\000\372\000c\000\040\000o\000f\000f\000l\000i\000n\000e\000-\000f\000i\000r\000s\000t\000\040\000v\036\333\000i\000\040\001\021\036\323\000n\000g\000\040\000b\036\331\000\040\000d\036\357\000\040\000l\000i\036\307\000u\000\040\000t\000i\000n\000\040\000c\036\255\000y}{chapter.5}% 46
\BOOKMARK [2][-]{subsection.5.4.1}{\376\377\001\020\036\267\000t\000\040\000v\036\245\000n\000\040\001\021\036\301}{section.5.4}% 47
\BOOKMARK [2][-]{subsection.5.4.2}{\376\377\000G\000i\036\243\000i\000\040\000p\000h\000\341\000p\000\040\001\021\036\301\000\040\000x\000u\036\245\000t}{section.5.4}% 48
\BOOKMARK [2][-]{subsection.5.4.3}{\376\377\000K\036\277\000t\000\040\000q\000u\036\243\000\040\001\021\036\241\000t\000\040\001\021\001\260\036\343\000c}{section.5.4}% 49
\BOOKMARK [1][-]{section.5.5}{\376\377\000G\000i\036\243\000i\000\040\000p\000h\000\341\000p\000\040\0004\000:\000\040\000T\000\355\000c\000h\000\040\000h\036\343\000p\000\040\000t\000r\000\355\000\040\000t\000u\036\307\000\040\000n\000h\000\342\000n\000\040\000t\036\241\000o\000\040\000v\036\333\000i\000\040\000c\000h\000i\000\040\000p\000h\000\355\000\040\000t\036\321\000i\000\040\001\260\000u}{chapter.5}% 50
\BOOKMARK [2][-]{subsection.5.5.1}{\376\377\001\020\036\267\000t\000\040\000v\036\245\000n\000\040\001\021\036\301}{section.5.5}% 51
\BOOKMARK [2][-]{subsection.5.5.2}{\376\377\000G\000i\036\243\000i\000\040\000p\000h\000\341\000p\000\040\001\021\036\301\000\040\000x\000u\036\245\000t}{section.5.5}% 52
\BOOKMARK [2][-]{subsection.5.5.3}{\376\377\000K\036\277\000t\000\040\000q\000u\036\243\000\040\001\021\036\241\000t\000\040\001\021\001\260\036\343\000c}{section.5.5}% 53
\BOOKMARK [1][-]{section.5.6}{\376\377\000G\000i\036\243\000i\000\040\000p\000h\000\341\000p\000\040\0005\000:\000\040\000G\000i\000a\000o\000\040\000d\000i\036\307\000n\000\040\000n\000g\001\260\036\335\000i\000\040\000d\000\371\000n\000g\000\040\000t\000h\000\355\000c\000h\000\040\036\351\000n\000g\000\040\000v\036\333\000i\000\040\000c\000a\000m\000e\000r\000a\000\040\000v\000\340\000\040\001\021\000i\036\301\000u\000\040\000k\000i\036\307\000n\000\040\000t\000h\036\361\000c\000\040\000t\036\277}{chapter.5}% 54
\BOOKMARK [2][-]{subsection.5.6.1}{\376\377\001\020\036\267\000t\000\040\000v\036\245\000n\000\040\001\021\036\301}{section.5.6}% 55
\BOOKMARK [2][-]{subsection.5.6.2}{\376\377\000G\000i\036\243\000i\000\040\000p\000h\000\341\000p\000\040\001\021\036\301\000\040\000x\000u\036\245\000t}{section.5.6}% 56
\BOOKMARK [2][-]{subsection.5.6.3}{\376\377\000K\036\277\000t\000\040\000q\000u\036\243\000\040\001\021\036\241\000t\000\040\001\021\001\260\036\343\000c}{section.5.6}% 57
\BOOKMARK [1][-]{section.5.7}{\376\377\000T\036\325\000n\000g\000\040\000k\036\277\000t\000\040\000c\000h\001\260\001\241\000n\000g}{chapter.5}% 58
\BOOKMARK [0][-]{chapter.6}{\376\377\000K\036\276\000T\000\040\000L\000U\036\254\000N\000\040\000V\000\300\000\040\000H\001\257\036\332\000N\000G\000\040\000P\000H\000\301\000T\000\040\000T\000R\000I\036\302\000N}{}% 59
\BOOKMARK [1][-]{section.6.1}{\376\377\000K\036\277\000t\000\040\000l\000u\036\255\000n}{chapter.6}% 60
\BOOKMARK [1][-]{section.6.2}{\376\377\000S\000o\000\040\000s\000\341\000n\000h\000\040\000v\036\333\000i\000\040\000c\000\341\000c\000\040\000g\000i\036\243\000i\000\040\000p\000h\000\341\000p\000\040\000h\000i\036\307\000n\000\040\000c\000\363}{chapter.6}% 61
\BOOKMARK [1][-]{section.6.3}{\376\377\000H\036\241\000n\000\040\000c\000h\036\277}{chapter.6}% 62
\BOOKMARK [1][-]{section.6.4}{\376\377\000H\001\260\036\333\000n\000g\000\040\000p\000h\000\341\000t\000\040\000t\000r\000i\036\303\000n}{chapter.6}% 63
\BOOKMARK [1][-]{section.6.5}{\376\377\000T\036\325\000n\000g\000\040\000k\036\277\000t}{chapter.6}% 64
\BOOKMARK [1][-]{section.6.6}{\376\377\000H\001\260\036\333\000n\000g\000\040\000d\036\253\000n\000\040\000v\000i\036\277\000t\000\040\001\021\036\323\000\040\000\341\000n}{chapter.6}% 65
\BOOKMARK [1][-]{section.6.7}{\376\377\000H\001\260\036\333\000n\000g\000\040\000d\036\253\000n\000\040\000c\000\340\000i\000\040\001\021\036\267\000t}{chapter.6}% 66
\BOOKMARK [1][-]{section.6.8}{\376\377\000T\000\340\000i\000\040\000l\000i\036\307\000u\000\040\000t\000h\000a\000m\000\040\000k\000h\036\243\000o}{chapter.6}% 67
\BOOKMARK [0][-]{section*.23}{\376\377\000T\000\300\000I\000\040\000L\000I\036\306\000U\000\040\000T\000H\000A\000M\000\040\000K\000H\036\242\000O}{}% 68
\BOOKMARK [0][-]{section*.24}{\376\377\000P\000H\036\344\000\040\000L\036\344\000C}{}% 69
\BOOKMARK [0][-]{appendix.1.A}{\376\377\000H\001\257\036\332\000N\000G\000\040\000D\036\252\000N\000\040\000V\000I\036\276\000T\000\040\001\020\036\322\000\040\000\301\000N\000\040\000T\036\320\000T\000\040\000N\000G\000H\000I\036\306\000P}{}% 70
\BOOKMARK [1][-]{section.1.A.1}{\376\377\000H\001\260\036\333\000n\000g\000\040\000d\036\253\000n\000\040\000c\000\340\000i\000\040\001\021\036\267\000t\000\040\000m\000\364\000i\000\040\000t\000r\001\260\036\335\000n\000g\000\040\000p\000h\000\341\000t\000\040\000t\000r\000i\036\303\000n}{appendix.1.A}% 71
\BOOKMARK [2][-]{subsection.1.A.1.1}{\376\377\000C\000\340\000i\000\040\001\021\036\267\000t\000\040\000c\000\364\000n\000g\000\040\000c\036\345\000\040\000p\000h\000\341\000t\000\040\000t\000r\000i\036\303\000n\000\040\000b\000a\000c\000k\000e\000n\000d}{section.1.A.1}% 72
\BOOKMARK [2][-]{subsection.1.A.1.2}{\376\377\000C\000\340\000i\000\040\001\021\036\267\000t\000\040\000m\000\364\000i\000\040\000t\000r\001\260\036\335\000n\000g\000\040\000p\000h\000\341\000t\000\040\000t\000r\000i\036\303\000n\000\040\036\351\000n\000g\000\040\000d\036\345\000n\000g\000\040\000m\000o\000b\000i\000l\000e}{section.1.A.1}% 73
\BOOKMARK [2][-]{subsection.1.A.1.3}{\376\377\000C\000\340\000i\000\040\001\021\036\267\000t\000\040\000m\000\364\000i\000\040\000t\000r\001\260\036\335\000n\000g\000\040\000p\000h\000\341\000t\000\040\000t\000r\000i\036\303\000n\000\040\036\351\000n\000g\000\040\000d\036\345\000n\000g\000\040\000w\000e\000b}{section.1.A.1}% 74
\BOOKMARK [1][-]{section.1.A.2}{\376\377\000C\036\245\000u\000\040\000t\000r\000\372\000c\000\040\000t\000h\001\260\000\040\000m\036\345\000c\000\040\000p\000r\000o\000j\000e\000c\000t}{appendix.1.A}% 75
\BOOKMARK [1][-]{section.1.A.3}{\376\377\000D\000a\000n\000h\000\040\000s\000\341\000c\000h\000\040\000c\000\341\000c\000\040\000A\000P\000I\000\040\000e\000n\000d\000p\000o\000i\000n\000t\000s}{appendix.1.A}% 76
\BOOKMARK [1][-]{section.1.A.4}{\376\377\000K\036\313\000c\000h\000\040\000b\036\243\000n\000\040\000k\000i\036\303\000m\000\040\000t\000h\036\355\000\040\000c\000h\000i\000\040\000t\000i\036\277\000t}{appendix.1.A}% 77
\BOOKMARK [0][-]{appendix.1.B}{\376\377\001\020\036\266\000C\000\040\000T\036\242\000\040\000U\000S\000E\000\040\000C\000A\000S\000E}{}% 78
\BOOKMARK [1][-]{section.1.B.1}{\376\377\001\020\036\267\000c\000\040\000t\036\243\000\040\000c\000h\000i\000\040\000t\000i\036\277\000t\000\040\000t\000e\000m\000p\000l\000a\000t\000e\000\040\000J\000S\000O\000N\000\040\000c\000h\000o\000\040\000O\000M\000R}{appendix.1.B}% 79
\BOOKMARK [1][-]{section.1.B.2}{\376\377\000T\000h\000u\036\255\000t\000\040\000t\000o\000\341\000n\000\040\000n\000h\036\255\000n\000\040\000d\000i\036\307\000n\000\040\000b\000u\000b\000b\000l\000e\000\040\000c\000h\000i\000\040\000t\000i\036\277\000t}{appendix.1.B}% 80
\BOOKMARK [1][-]{section.1.B.3}{\376\377\000C\036\245\000u\000\040\000h\000\354\000n\000h\000\040\000A\000M\000C\000\040\000c\000h\000o\000\040\001\021\036\301\000\040\000t\000h\000i\000\040\000t\000r\036\257\000c\000\040\000n\000g\000h\000i\036\307\000m}{appendix.1.B}% 81
\BOOKMARK [1][-]{section.1.B.4}{\376\377\000D\000a\000n\000h\000\040\000s\000\341\000c\000h\000\040\000c\000\341\000c\000\040\000t\000h\000\340\000n\000h\000\040\000v\000i\000\352\000n\000\040\000t\000r\000o\000n\000g\000\040\000n\000h\000\363\000m}{appendix.1.B}% 82
\BOOKMARK [1][-]{section.1.B.5}{\376\377\000B\036\243\000n\000g\000\040\000p\000h\000\342\000n\000\040\000c\000\364\000n\000g\000\040\000c\000\364\000n\000g\000\040\000v\000i\036\307\000c}{appendix.1.B}% 83
